     1 00000000                                 ; haribote-ipl
     2 00000000                                 ; TAB=4
     3 00000000                                 
     4                                          		ORG		0x7c00			; このプログラムがどこに読み込まれるのか
     5 00007C00                                 
     6 00007C00                                 ; 以下は標準的なFAT12フォーマットフロッピーディスクのための記述
     7 00007C00                                 
     8 00007C00 EB 4E                           		JMP		entry
     9 00007C02 90                              		DB		0x90
    10 00007C03 48 41 52 49 42 4F 54 45         		DB		"HARIBOTE"		; ブートセクタの名前を自由に書いてよい（8バイト）
    11 00007C0B 0200                            		DW		512				; 1セクタの大きさ（512にしなければいけない）
    12 00007C0D 01                              		DB		1				; クラスタの大きさ（1セクタにしなければいけない）
    13 00007C0E 0001                            		DW		1				; FATがどこから始まるか（普通は1セクタ目からにする）
    14 00007C10 02                              		DB		2				; FATの個数（2にしなければいけない）
    15 00007C11 00E0                            		DW		224				; ルートディレクトリ領域の大きさ（普通は224エントリにする）
    16 00007C13 0B40                            		DW		2880			; このドライブの大きさ（2880セクタにしなければいけない）
    17 00007C15 F0                              		DB		0xf0			; メディアのタイプ（0xf0にしなければいけない）
    18 00007C16 0009                            		DW		9				; FAT領域の長さ（9セクタにしなければいけない）
    19 00007C18 0012                            		DW		18				; 1トラックにいくつのセクタがあるか（18にしなければいけない）
    20 00007C1A 0002                            		DW		2				; ヘッドの数（2にしなければいけない）
    21 00007C1C 00000000                        		DD		0				; パーティションを使ってないのでここは必ず0
    22 00007C20 00000B40                        		DD		2880			; このドライブ大きさをもう一度書く
    23 00007C24 00 00 29                        		DB		0,0,0x29		; よくわからないけどこの値にしておくといいらしい
    24 00007C27 FFFFFFFF                        		DD		0xffffffff		; たぶんボリュームシリアル番号
    25 00007C2B 48 41 52 49 42 4F 54 45 4F 53   		DB		"HARIBOTEOS "	; ディスクの名前（11バイト）
       00007C35 20 
    26 00007C36 46 41 54 31 32 20 20 20         		DB		"FAT12   "		; フォーマットの名前（8バイト）
    27 00007C3E 00 00 00 00 00 00 00 00 00 00   		RESB	18				; とりあえず18バイトあけておく
       00007C48 00 00 00 00 00 00 00 00 
    28 00007C50                                 
    29 00007C50                                 ; プログラム本体
    30 00007C50                                 
    31 00007C50                                 entry:
    32 00007C50 B8 0000                         		MOV		AX,0			; レジスタ初期化
    33 00007C53 8E D0                           		MOV		SS,AX
    34 00007C55 BC 7C00                         		MOV		SP,0x7c00
    35 00007C58 8E D8                           		MOV		DS,AX
    36 00007C5A                                 
    37 00007C5A                                 ; ディスクを読む
    38 00007C5A                                 
    39 00007C5A B8 0820                         		MOV		AX,0x0820
    40 00007C5D 8E C0                           		MOV		ES,AX
    41 00007C5F B5 00                           		MOV		CH,0			; シリンダ0
    42 00007C61 B6 00                           		MOV		DH,0			; ヘッド0
    43 00007C63 B1 02                           		MOV		CL,2			; セクタ2
    44 00007C65                                 readloop:
    45 00007C65 BE 0000                                 MOV     SI,0            ; retry count
    46 00007C68                                 retry:
    47 00007C68 B4 02                           		MOV		AH,0x02			; AH=0x02 : ディスク読み込み
    48 00007C6A B0 01                           		MOV		AL,1			; 1セクタ
    49 00007C6C BB 0000                         		MOV		BX,0            ; 加?磁?数据的内存地址, ES:BX
    50 00007C6F B2 00                           		MOV		DL,0x00			; Aドライブ
    51 00007C71 CD 13                           		INT		0x13			; ディスクBIOS呼び出し
    52 00007C73 73 10                           		JNC		next            ; read successfully
    53 00007C75 83 C6 01                                ADD     SI,1            ; add retry count
    54 00007C78 83 FE 05                                CMP     SI,5            ; if retry count >= 5 then error
    55 00007C7B 73 35                                   JAE     error           ;
    56 00007C7D B4 00                                   MOV     AH,0X00         ; else reset Floppy
    57 00007C7F B2 00                                   MOV     DL,0x00         ;
    58 00007C81 CD 13                                   INT     0x13
    59 00007C83 EB E3                                   JMP     retry           ; 
    60 00007C85                                 
    61 00007C85                                 next:
    62 00007C85 8C C0                           		MOV		AX,ES           ; adding 512 to address for next loading, namely 0x200
    63 00007C87 05 0020                         		ADD     AX,0x20         ; ES is segment register that will * 10 for using
    64 00007C8A 8E C0                                   MOV     ES,AX           ; updating ES. 
    65 00007C8C 80 C1 01                                ADD     CL,1            ; prepare to loading next sector
    66 00007C8F 80 F9 12                                CMP     CL,18           ; if sector <= 18 then load
    67 00007C92 76 D1                                   JBE     readloop        ;   then continue read next sector
    68 00007C94 B1 01                                   MOV     CL,1            ; else read next header
    69 00007C96 80 C6 01                                ADD     DH,1            ;   move header
    70 00007C99 80 FE 02                                CMP     DH,2            ; if header < 2
    71 00007C9C 72 C7                                   JB      readloop        ;   then continue read next header
    72 00007C9E B6 00                                   MOV     DH,0            ; else reset header  to 0
    73 00007CA0 80 C5 01                                ADD     CH,1            ;   add 1 to cylinder
    74 00007CA3 80 FD 09                                CMP     CH,9            ; if cylinder not grater than 9
    75 00007CA6 76 BD                                   JBE     readloop        ;   then continue read next cylinder
    76 00007CA8                                 
    77 00007CA8                                 ; IPL had successfully loaded. Now we can run OS. 
    78 00007CA8 88 2E 0FF0                      		MOV		[0x0ff0],CH		; IPLがどこまで読んだのかをメモ
    79 00007CAC E9 4551                         		JMP		0xc200
    80 00007CAF                                 
    81 00007CAF                                 ; 読み終わったけどとりあえずやることないので寝る
    82 00007CAF                                 
    83 00007CAF                                 fin:
    84 00007CAF F4                              		HLT						; 何かあるまでCPUを停止させる
    85 00007CB0 EB FD                           		JMP		fin				; 無限ループ
    86 00007CB2                                 
    87 00007CB2                                 error:
    88 00007CB2 BE 7CC7                         		MOV		SI,msg
    89 00007CB5                                 putloop:
    90 00007CB5 8A 04                           		MOV		AL,[SI]
    91 00007CB7 83 C6 01                        		ADD		SI,1			; SIに1を足す
    92 00007CBA 3C 00                           		CMP		AL,0
    93 00007CBC 74 F1                           		JE		fin
    94 00007CBE B4 0E                           		MOV		AH,0x0e			; 一文字表示ファンクション
    95 00007CC0 BB 000F                         		MOV		BX,15			; カラーコード
    96 00007CC3 CD 10                           		INT		0x10			; ビデオBIOS呼び出し
    97 00007CC5 EB EE                           		JMP		putloop
    98 00007CC7                                 msg:
    99 00007CC7 0A 0A                           		DB		0x0a, 0x0a		; 改行を2つ
   100 00007CC9 6C 6F 61 64 20 65 72 72 6F 72   		DB		"load error"
   101 00007CD3 0A                              		DB		0x0a			; 改行
   102 00007CD4 00                              		DB		0
   103 00007CD5                                 
   104 00007CD5 00 00 00 00 00 00 00 00 00 00   		RESB	0x7dfe-$		; 0x7dfeまでを0x00で埋める命令
       00007CDF 00 00 00 00 00 00 00 00 00 00 
       00007CE9 00 00 00 00 00 00 00 00 00 00 
       00007CF3 00 00 00 00 00 00 00 00 00 00 
       00007CFD 00 00 00 00 00 00 00 00 00 00 
       00007D07 00 00 00 00 00 00 00 00 00 00 
       00007D11 00 00 00 00 00 00 00 00 00 00 
       00007D1B 00 00 00 00 00 00 00 00 00 00 
       00007D25 00 00 00 00 00 00 00 00 00 00 
       00007D2F 00 00 00 00 00 00 00 00 00 00 
       00007D39 00 00 00 00 00 00 00 00 00 00 
       00007D43 00 00 00 00 00 00 00 00 00 00 
       00007D4D 00 00 00 00 00 00 00 00 00 00 
       00007D57 00 00 00 00 00 00 00 00 00 00 
       00007D61 00 00 00 00 00 00 00 00 00 00 
       00007D6B 00 00 00 00 00 00 00 00 00 00 
       00007D75 00 00 00 00 00 00 00 00 00 00 
       00007D7F 00 00 00 00 00 00 00 00 00 00 
       00007D89 00 00 00 00 00 00 00 00 00 00 
       00007D93 00 00 00 00 00 00 00 00 00 00 
       00007D9D 00 00 00 00 00 00 00 00 00 00 
       00007DA7 00 00 00 00 00 00 00 00 00 00 
       00007DB1 00 00 00 00 00 00 00 00 00 00 
       00007DBB 00 00 00 00 00 00 00 00 00 00 
       00007DC5 00 00 00 00 00 00 00 00 00 00 
       00007DCF 00 00 00 00 00 00 00 00 00 00 
       00007DD9 00 00 00 00 00 00 00 00 00 00 
       00007DE3 00 00 00 00 00 00 00 00 00 00 
       00007DED 00 00 00 00 00 00 00 00 00 00 
       00007DF7 00 00 00 00 00 00 00 
   105 00007DFE                                 
   106 00007DFE 55 AA                           		DB		0x55, 0xaa
